<?xml version="1.0" encoding="UTF-8"?>
<!-- Generated by org.testng.reporters.JUnitReportReporter -->
<testsuite hostname="CPDK155" failures="0" tests="1" name="com.APITesting.roomtest" time="2.832" errors="0" timestamp="2024-07-05T15:31:01 IST" skipped="0">
  <testcase classname="com.APITesting.roomtest" name="PutRequest" time="2.832"/>
</testsuite> <!-- com.APITesting.roomtest -->
