<?xml version="1.0" encoding="UTF-8"?>
<!-- Generated by org.testng.reporters.JUnitReportReporter -->
<testsuite hostname="CPDK155" failures="0" tests="1" name="com.APITesting.FirstTest" time="3.785" errors="0" timestamp="2024-07-05T16:57:14 IST" skipped="0">
  <testcase classname="com.APITesting.FirstTest" name="GETApiTest2" time="3.785"/>
</testsuite> <!-- com.APITesting.FirstTest -->
