<?xml version="1.0" encoding="UTF-8"?>
<!-- Generated by org.testng.reporters.JUnitReportReporter -->
<testsuite hostname="CPDK155" failures="0" tests="1" name="com.APITesting.PutPatchandDeleteRequest" time="2.405" errors="0" timestamp="2024-07-05T15:16:00 IST" skipped="0">
  <testcase classname="com.APITesting.PutPatchandDeleteRequest" name="DELETERequest" time="2.405"/>
</testsuite> <!-- com.APITesting.PutPatchandDeleteRequest -->
