<?xml version="1.0" encoding="UTF-8"?>
<!-- Generated by org.testng.reporters.JUnitReportReporter -->
<testsuite hostname="CPDK155" failures="0" tests="3" name="com.APITesting.TestGETandPOSTRequest" time="5.774" errors="0" timestamp="2024-07-05T14:35:16 IST" skipped="0">
  <testcase classname="com.APITesting.TestGETandPOSTRequest" name="POSTRequest" time="4.092"/>
  <testcase classname="com.APITesting.TestGETandPOSTRequest" name="testGet2" time="0.127"/>
  <testcase classname="com.APITesting.TestGETandPOSTRequest" name="testGet1" time="1.555"/>
</testsuite> <!-- com.APITesting.TestGETandPOSTRequest -->
